Analysis & Synthesis report for Multiplier
Wed Dec 13 11:14:38 2017
Quartus II 64-Bit Version 10.1 Build 197 01/19/2011 Service Pack 1 SJ Web Edition


---------------------
; Table of Contents ;
---------------------
  1. Legal Notice
  2. Analysis & Synthesis Summary
  3. Analysis & Synthesis Settings
  4. Parallel Compilation
  5. Analysis & Synthesis Source Files Read
  6. Analysis & Synthesis Resource Usage Summary
  7. Analysis & Synthesis Resource Utilization by Entity
  8. State Machine - |Multiplier|State_machine:sm01|present_state
  9. Registers Removed During Synthesis
 10. Removed Registers Triggering Further Register Optimizations
 11. General Register Statistics
 12. Port Connectivity Checks: "Shifter:SR2"
 13. Port Connectivity Checks: "Shifter:SR1"
 14. Port Connectivity Checks: "State_machine:sm01"
 15. Elapsed Time Per Partition
 16. Analysis & Synthesis Messages



----------------
; Legal Notice ;
----------------
Copyright (C) 1991-2011 Altera Corporation
Your use of Altera Corporation's design tools, logic functions 
and other software and tools, and its AMPP partner logic 
functions, and any output files from any of the foregoing 
(including device programming or simulation files), and any 
associated documentation or information are expressly subject 
to the terms and conditions of the Altera Program License 
Subscription Agreement, Altera MegaCore Function License 
Agreement, or other applicable license agreement, including, 
without limitation, that your use is for the sole purpose of 
programming logic devices manufactured by Altera and sold by 
Altera or its authorized distributors.  Please refer to the 
applicable agreement for further details.



+------------------------------------------------------------------------------------+
; Analysis & Synthesis Summary                                                       ;
+------------------------------------+-----------------------------------------------+
; Analysis & Synthesis Status        ; Successful - Wed Dec 13 11:14:38 2017         ;
; Quartus II 64-Bit Version          ; 10.1 Build 197 01/19/2011 SP 1 SJ Web Edition ;
; Revision Name                      ; Multiplier                                    ;
; Top-level Entity Name              ; Multiplier                                    ;
; Family                             ; Cyclone II                                    ;
; Total logic elements               ; 159                                           ;
;     Total combinational functions  ; 151                                           ;
;     Dedicated logic registers      ; 72                                            ;
; Total registers                    ; 72                                            ;
; Total pins                         ; 40                                            ;
; Total virtual pins                 ; 0                                             ;
; Total memory bits                  ; 0                                             ;
; Embedded Multiplier 9-bit elements ; 0                                             ;
; Total PLLs                         ; 0                                             ;
+------------------------------------+-----------------------------------------------+


+----------------------------------------------------------------------------------------------------------------------+
; Analysis & Synthesis Settings                                                                                        ;
+----------------------------------------------------------------------------+--------------------+--------------------+
; Option                                                                     ; Setting            ; Default Value      ;
+----------------------------------------------------------------------------+--------------------+--------------------+
; Device                                                                     ; EP2C35F672C6       ;                    ;
; Top-level entity name                                                      ; Multiplier         ; Multiplier         ;
; Family name                                                                ; Cyclone II         ; Cyclone IV GX      ;
; Use smart compilation                                                      ; Off                ; Off                ;
; Enable parallel Assembler and TimeQuest Timing Analyzer during compilation ; On                 ; On                 ;
; Enable compact report table                                                ; Off                ; Off                ;
; Restructure Multiplexers                                                   ; Auto               ; Auto               ;
; Create Debugging Nodes for IP Cores                                        ; Off                ; Off                ;
; Preserve fewer node names                                                  ; On                 ; On                 ;
; Disable OpenCore Plus hardware evaluation                                  ; Off                ; Off                ;
; Verilog Version                                                            ; Verilog_2001       ; Verilog_2001       ;
; VHDL Version                                                               ; VHDL_1993          ; VHDL_1993          ;
; State Machine Processing                                                   ; Auto               ; Auto               ;
; Safe State Machine                                                         ; Off                ; Off                ;
; Extract Verilog State Machines                                             ; On                 ; On                 ;
; Extract VHDL State Machines                                                ; On                 ; On                 ;
; Ignore Verilog initial constructs                                          ; Off                ; Off                ;
; Iteration limit for constant Verilog loops                                 ; 5000               ; 5000               ;
; Iteration limit for non-constant Verilog loops                             ; 250                ; 250                ;
; Add Pass-Through Logic to Inferred RAMs                                    ; On                 ; On                 ;
; Parallel Synthesis                                                         ; On                 ; On                 ;
; DSP Block Balancing                                                        ; Auto               ; Auto               ;
; NOT Gate Push-Back                                                         ; On                 ; On                 ;
; Power-Up Don't Care                                                        ; On                 ; On                 ;
; Remove Redundant Logic Cells                                               ; Off                ; Off                ;
; Remove Duplicate Registers                                                 ; On                 ; On                 ;
; Ignore CARRY Buffers                                                       ; Off                ; Off                ;
; Ignore CASCADE Buffers                                                     ; Off                ; Off                ;
; Ignore GLOBAL Buffers                                                      ; Off                ; Off                ;
; Ignore ROW GLOBAL Buffers                                                  ; Off                ; Off                ;
; Ignore LCELL Buffers                                                       ; Off                ; Off                ;
; Ignore SOFT Buffers                                                        ; On                 ; On                 ;
; Limit AHDL Integers to 32 Bits                                             ; Off                ; Off                ;
; Optimization Technique                                                     ; Balanced           ; Balanced           ;
; Carry Chain Length                                                         ; 70                 ; 70                 ;
; Auto Carry Chains                                                          ; On                 ; On                 ;
; Auto Open-Drain Pins                                                       ; On                 ; On                 ;
; Perform WYSIWYG Primitive Resynthesis                                      ; Off                ; Off                ;
; Auto ROM Replacement                                                       ; On                 ; On                 ;
; Auto RAM Replacement                                                       ; On                 ; On                 ;
; Auto Shift Register Replacement                                            ; Auto               ; Auto               ;
; Auto Clock Enable Replacement                                              ; On                 ; On                 ;
; Strict RAM Replacement                                                     ; Off                ; Off                ;
; Allow Synchronous Control Signals                                          ; On                 ; On                 ;
; Force Use of Synchronous Clear Signals                                     ; Off                ; Off                ;
; Auto RAM to Logic Cell Conversion                                          ; Off                ; Off                ;
; Auto Resource Sharing                                                      ; Off                ; Off                ;
; Allow Any RAM Size For Recognition                                         ; Off                ; Off                ;
; Allow Any ROM Size For Recognition                                         ; Off                ; Off                ;
; Allow Any Shift Register Size For Recognition                              ; Off                ; Off                ;
; Use LogicLock Constraints during Resource Balancing                        ; On                 ; On                 ;
; Ignore translate_off and synthesis_off directives                          ; Off                ; Off                ;
; Timing-Driven Synthesis                                                    ; Off                ; Off                ;
; Report Parameter Settings                                                  ; On                 ; On                 ;
; Report Source Assignments                                                  ; On                 ; On                 ;
; Report Connectivity Checks                                                 ; On                 ; On                 ;
; Ignore Maximum Fan-Out Assignments                                         ; Off                ; Off                ;
; Synchronization Register Chain Length                                      ; 2                  ; 2                  ;
; PowerPlay Power Optimization                                               ; Normal compilation ; Normal compilation ;
; HDL message level                                                          ; Level2             ; Level2             ;
; Suppress Register Optimization Related Messages                            ; Off                ; Off                ;
; Number of Removed Registers Reported in Synthesis Report                   ; 5000               ; 5000               ;
; Number of Inverted Registers Reported in Synthesis Report                  ; 100                ; 100                ;
; Clock MUX Protection                                                       ; On                 ; On                 ;
; Auto Gated Clock Conversion                                                ; Off                ; Off                ;
; Block Design Naming                                                        ; Auto               ; Auto               ;
; SDC constraint protection                                                  ; Off                ; Off                ;
; Synthesis Effort                                                           ; Auto               ; Auto               ;
; Shift Register Replacement - Allow Asynchronous Clear Signal               ; On                 ; On                 ;
; Analysis & Synthesis Message Level                                         ; Medium             ; Medium             ;
; Disable Register Merging Across Hierarchies                                ; Auto               ; Auto               ;
; Resource Aware Inference For Block RAM                                     ; On                 ; On                 ;
; Synthesis Seed                                                             ; 1                  ; 1                  ;
+----------------------------------------------------------------------------+--------------------+--------------------+


Parallel compilation was disabled, but you have multiple processors available. Enable parallel compilation to reduce compilation time.
+-------------------------------------+
; Parallel Compilation                ;
+----------------------------+--------+
; Processors                 ; Number ;
+----------------------------+--------+
; Number detected on machine ; 2      ;
; Maximum allowed            ; 1      ;
+----------------------------+--------+


+-----------------------------------------------------------------------------------------------------------------------------------------+
; Analysis & Synthesis Source Files Read                                                                                                  ;
+----------------------------------+-----------------+-----------------+------------------------------------------------------------------+
; File Name with User-Entered Path ; Used in Netlist ; File Type       ; File Name with Absolute Path                                     ;
+----------------------------------+-----------------+-----------------+------------------------------------------------------------------+
; Multiplier.vhd                   ; yes             ; User VHDL File  ; C:/Users/rickk/Desktop/Jaar4/EMC/VHDL/ass3/part 2/Multiplier.vhd ;
+----------------------------------+-----------------+-----------------+------------------------------------------------------------------+


+----------------------------------------------------------------------------------+
; Analysis & Synthesis Resource Usage Summary                                      ;
+---------------------------------------------+------------------------------------+
; Resource                                    ; Usage                              ;
+---------------------------------------------+------------------------------------+
; Estimated Total logic elements              ; 159                                ;
;                                             ;                                    ;
; Total combinational functions               ; 151                                ;
; Logic element usage by number of LUT inputs ;                                    ;
;     -- 4 input functions                    ; 44                                 ;
;     -- 3 input functions                    ; 51                                 ;
;     -- <=2 input functions                  ; 56                                 ;
;                                             ;                                    ;
; Logic elements by mode                      ;                                    ;
;     -- normal mode                          ; 112                                ;
;     -- arithmetic mode                      ; 39                                 ;
;                                             ;                                    ;
; Total registers                             ; 72                                 ;
;     -- Dedicated logic registers            ; 72                                 ;
;     -- I/O registers                        ; 0                                  ;
;                                             ;                                    ;
; I/O pins                                    ; 40                                 ;
; Maximum fan-out node                        ; State_machine:sm01|present_state.I ;
; Maximum fan-out                             ; 75                                 ;
; Total fan-out                               ; 651                                ;
; Average fan-out                             ; 2.48                               ;
+---------------------------------------------+------------------------------------+


+----------------------------------------------------------------------------------------------------------------------------------------------------------------------------------------+
; Analysis & Synthesis Resource Utilization by Entity                                                                                                                                    ;
+----------------------------+-------------------+--------------+-------------+--------------+---------+-----------+------+--------------+--------------------------------+--------------+
; Compilation Hierarchy Node ; LC Combinationals ; LC Registers ; Memory Bits ; DSP Elements ; DSP 9x9 ; DSP 18x18 ; Pins ; Virtual Pins ; Full Hierarchy Name            ; Library Name ;
+----------------------------+-------------------+--------------+-------------+--------------+---------+-----------+------+--------------+--------------------------------+--------------+
; |Multiplier                ; 151 (46)          ; 72 (26)      ; 0           ; 0            ; 0       ; 0         ; 40   ; 0            ; |Multiplier                    ;              ;
;    |Add16:A1|              ; 32 (32)           ; 0 (0)        ; 0           ; 0            ; 0       ; 0         ; 0    ; 0            ; |Multiplier|Add16:A1           ;              ;
;    |AllZero:Z1|            ; 2 (2)             ; 0 (0)        ; 0           ; 0            ; 0       ; 0         ; 0    ; 0            ; |Multiplier|AllZero:Z1         ;              ;
;    |Reg16:G1|              ; 16 (16)           ; 16 (16)      ; 0           ; 0            ; 0       ; 0         ; 0    ; 0            ; |Multiplier|Reg16:G1           ;              ;
;    |Shifter:SR1|           ; 23 (23)           ; 8 (8)        ; 0           ; 0            ; 0       ; 0         ; 0    ; 0            ; |Multiplier|Shifter:SR1        ;              ;
;    |Shifter:SR2|           ; 23 (23)           ; 16 (16)      ; 0           ; 0            ; 0       ; 0         ; 0    ; 0            ; |Multiplier|Shifter:SR2        ;              ;
;    |State_machine:sm01|    ; 9 (9)             ; 6 (6)        ; 0           ; 0            ; 0       ; 0         ; 0    ; 0            ; |Multiplier|State_machine:sm01 ;              ;
+----------------------------+-------------------+--------------+-------------+--------------+---------+-----------+------+--------------+--------------------------------+--------------+
Note: For table entries with two numbers listed, the numbers in parentheses indicate the number of resources of the given type used by the specific entity alone. The numbers listed outside of parentheses indicate the total resources of the given type used by the specific entity and all of its sub-entities in the hierarchy.


Encoding Type:  One-Hot
+-----------------------------------------------------------------------------------------------------------------------------+
; State Machine - |Multiplier|State_machine:sm01|present_state                                                                ;
+-----------------+-----------------+-----------------+-----------------+-----------------+-----------------+-----------------+
; Name            ; present_state.Z ; present_state.S ; present_state.A ; present_state.C ; present_state.I ; present_state.R ;
+-----------------+-----------------+-----------------+-----------------+-----------------+-----------------+-----------------+
; present_state.R ; 0               ; 0               ; 0               ; 0               ; 0               ; 0               ;
; present_state.I ; 0               ; 0               ; 0               ; 0               ; 1               ; 1               ;
; present_state.C ; 0               ; 0               ; 0               ; 1               ; 0               ; 1               ;
; present_state.A ; 0               ; 0               ; 1               ; 0               ; 0               ; 1               ;
; present_state.S ; 0               ; 1               ; 0               ; 0               ; 0               ; 1               ;
; present_state.Z ; 1               ; 0               ; 0               ; 0               ; 0               ; 1               ;
+-----------------+-----------------+-----------------+-----------------+-----------------+-----------------+-----------------+


+--------------------------------------------------------------------------------+
; Registers Removed During Synthesis                                             ;
+---------------------------------------+----------------------------------------+
; Register name                         ; Reason for Removal                     ;
+---------------------------------------+----------------------------------------+
; Shifter:SR1|Y[8..15]                  ; Stuck at GND due to stuck port data_in ;
; Total Number of Removed Registers = 8 ;                                        ;
+---------------------------------------+----------------------------------------+


+-----------------------------------------------------------------------------------------------------------------------------+
; Removed Registers Triggering Further Register Optimizations                                                                 ;
+-------------------+---------------------------+-----------------------------------------------------------------------------+
; Register name     ; Reason for Removal        ; Registers Removed due to This Register                                      ;
+-------------------+---------------------------+-----------------------------------------------------------------------------+
; Shifter:SR1|Y[15] ; Stuck at GND              ; Shifter:SR1|Y[14], Shifter:SR1|Y[13], Shifter:SR1|Y[12], Shifter:SR1|Y[11], ;
;                   ; due to stuck port data_in ; Shifter:SR1|Y[10], Shifter:SR1|Y[9], Shifter:SR1|Y[8]                       ;
+-------------------+---------------------------+-----------------------------------------------------------------------------+


+------------------------------------------------------+
; General Register Statistics                          ;
+----------------------------------------------+-------+
; Statistic                                    ; Value ;
+----------------------------------------------+-------+
; Total registers                              ; 72    ;
; Number of registers using Synchronous Clear  ; 0     ;
; Number of registers using Synchronous Load   ; 0     ;
; Number of registers using Asynchronous Clear ; 24    ;
; Number of registers using Asynchronous Load  ; 0     ;
; Number of registers using Clock Enable       ; 24    ;
; Number of registers using Preset             ; 0     ;
+----------------------------------------------+-------+


+-----------------------------------------+
; Port Connectivity Checks: "Shifter:SR2" ;
+------+-------+----------+---------------+
; Port ; Type  ; Severity ; Details       ;
+------+-------+----------+---------------+
; dir  ; Input ; Info     ; Stuck at VCC  ;
+------+-------+----------+---------------+


+--------------------------------------------------------------------------------------------------------------------+
; Port Connectivity Checks: "Shifter:SR1"                                                                            ;
+----------+--------+----------+-------------------------------------------------------------------------------------+
; Port     ; Type   ; Severity ; Details                                                                             ;
+----------+--------+----------+-------------------------------------------------------------------------------------+
; dir      ; Input  ; Info     ; Stuck at GND                                                                        ;
; y[15..8] ; Output ; Info     ; Connected to dangling logic. Logic that only feeds a dangling port will be removed. ;
+----------+--------+----------+-------------------------------------------------------------------------------------+


+-----------------------------------------------------------------------------------------------------------------+
; Port Connectivity Checks: "State_machine:sm01"                                                                  ;
+-------+--------+----------+-------------------------------------------------------------------------------------+
; Port  ; Type   ; Severity ; Details                                                                             ;
+-------+--------+----------+-------------------------------------------------------------------------------------+
; ready ; Output ; Info     ; Connected to dangling logic. Logic that only feeds a dangling port will be removed. ;
; check ; Output ; Info     ; Connected to dangling logic. Logic that only feeds a dangling port will be removed. ;
; zero  ; Output ; Info     ; Connected to dangling logic. Logic that only feeds a dangling port will be removed. ;
+-------+--------+----------+-------------------------------------------------------------------------------------+


+-------------------------------+
; Elapsed Time Per Partition    ;
+----------------+--------------+
; Partition Name ; Elapsed Time ;
+----------------+--------------+
; Top            ; 00:00:00     ;
+----------------+--------------+


+-------------------------------+
; Analysis & Synthesis Messages ;
+-------------------------------+
Info: *******************************************************************
Info: Running Quartus II 64-Bit Analysis & Synthesis
    Info: Version 10.1 Build 197 01/19/2011 Service Pack 1 SJ Web Edition
    Info: Processing started: Wed Dec 13 11:14:36 2017
Info: Command: quartus_map --read_settings_files=on --write_settings_files=off Multiplier -c Multiplier
Info: Found 14 design units, including 7 entities, in source file multiplier.vhd
    Info: Found design unit 1: Multiplier-struct
    Info: Found design unit 2: State_machine-arch_State_machine
    Info: Found design unit 3: Shifter-behavior
    Info: Found design unit 4: AllZero-behavior
    Info: Found design unit 5: Add16-behavior
    Info: Found design unit 6: Mux16-behavior
    Info: Found design unit 7: Reg16-behavior
    Info: Found entity 1: Multiplier
    Info: Found entity 2: State_machine
    Info: Found entity 3: Shifter
    Info: Found entity 4: AllZero
    Info: Found entity 5: Add16
    Info: Found entity 6: Mux16
    Info: Found entity 7: Reg16
Info: Elaborating entity "Multiplier" for the top level hierarchy
Warning (10036): Verilog HDL or VHDL warning at Multiplier.vhd(16): object "smCheck" assigned a value but never read
Warning (10036): Verilog HDL or VHDL warning at Multiplier.vhd(16): object "smZero" assigned a value but never read
Warning (10036): Verilog HDL or VHDL warning at Multiplier.vhd(16): object "smReady" assigned a value but never read
Info: Elaborating entity "State_machine" for hierarchy "State_machine:sm01"
Info: Elaborating entity "Shifter" for hierarchy "Shifter:SR1"
Info: Elaborating entity "Add16" for hierarchy "Add16:A1"
Info: Elaborating entity "Mux16" for hierarchy "Mux16:M1"
Info: Elaborating entity "Reg16" for hierarchy "Reg16:G1"
Info: Elaborating entity "AllZero" for hierarchy "AllZero:Z1"
Warning: Presettable and clearable registers converted to equivalent circuits with latches. Registers power-up to an undefined state, and DEVCLRn places the registers in an undefined state.
    Warning (13310): Register "Shifter:SR2|Y[0]" is converted into an equivalent circuit using register "Shifter:SR2|Y[0]~_emulated" and latch "Shifter:SR2|Y[0]~latch"
    Warning (13310): Register "Shifter:SR2|Y[1]" is converted into an equivalent circuit using register "Shifter:SR2|Y[1]~_emulated" and latch "Shifter:SR2|Y[1]~latch"
    Warning (13310): Register "Shifter:SR2|Y[2]" is converted into an equivalent circuit using register "Shifter:SR2|Y[2]~_emulated" and latch "Shifter:SR2|Y[2]~latch"
    Warning (13310): Register "Shifter:SR2|Y[3]" is converted into an equivalent circuit using register "Shifter:SR2|Y[3]~_emulated" and latch "Shifter:SR2|Y[3]~latch"
    Warning (13310): Register "Shifter:SR2|Y[4]" is converted into an equivalent circuit using register "Shifter:SR2|Y[4]~_emulated" and latch "Shifter:SR2|Y[4]~latch"
    Warning (13310): Register "Shifter:SR2|Y[5]" is converted into an equivalent circuit using register "Shifter:SR2|Y[5]~_emulated" and latch "Shifter:SR2|Y[5]~latch"
    Warning (13310): Register "Shifter:SR2|Y[6]" is converted into an equivalent circuit using register "Shifter:SR2|Y[6]~_emulated" and latch "Shifter:SR2|Y[6]~latch"
    Warning (13310): Register "Shifter:SR2|Y[7]" is converted into an equivalent circuit using register "Shifter:SR2|Y[7]~_emulated" and latch "Shifter:SR2|Y[7]~latch"
    Warning (13310): Register "Shifter:SR1|Y[0]" is converted into an equivalent circuit using register "Shifter:SR1|Y[0]~_emulated" and latch "Shifter:SR1|Y[0]~latch"
    Warning (13310): Register "Shifter:SR1|Y[7]" is converted into an equivalent circuit using register "Shifter:SR1|Y[7]~_emulated" and latch "Shifter:SR1|Y[7]~latch"
    Warning (13310): Register "Shifter:SR1|Y[6]" is converted into an equivalent circuit using register "Shifter:SR1|Y[6]~_emulated" and latch "Shifter:SR1|Y[6]~latch"
    Warning (13310): Register "Shifter:SR1|Y[5]" is converted into an equivalent circuit using register "Shifter:SR1|Y[5]~_emulated" and latch "Shifter:SR1|Y[5]~latch"
    Warning (13310): Register "Shifter:SR1|Y[4]" is converted into an equivalent circuit using register "Shifter:SR1|Y[4]~_emulated" and latch "Shifter:SR1|Y[4]~latch"
    Warning (13310): Register "Shifter:SR1|Y[3]" is converted into an equivalent circuit using register "Shifter:SR1|Y[3]~_emulated" and latch "Shifter:SR1|Y[3]~latch"
    Warning (13310): Register "Shifter:SR1|Y[2]" is converted into an equivalent circuit using register "Shifter:SR1|Y[2]~_emulated" and latch "Shifter:SR1|Y[2]~latch"
    Warning (13310): Register "Shifter:SR1|Y[1]" is converted into an equivalent circuit using register "Shifter:SR1|Y[1]~_emulated" and latch "Shifter:SR1|Y[1]~latch"
Warning: Output pins are stuck at VCC or GND
    Warning (13410): Pin "LEDG[3]" is stuck at GND
    Warning (13410): Pin "LEDG[4]" is stuck at GND
    Warning (13410): Pin "LEDG[5]" is stuck at GND
Info: Generating hard_block partition "hard_block:auto_generated_inst"
Info: Implemented 202 device resources after synthesis - the final resource count might be different
    Info: Implemented 18 input pins
    Info: Implemented 22 output pins
    Info: Implemented 162 logic cells
Info: Quartus II 64-Bit Analysis & Synthesis was successful. 0 errors, 24 warnings
    Info: Peak virtual memory: 397 megabytes
    Info: Processing ended: Wed Dec 13 11:14:38 2017
    Info: Elapsed time: 00:00:02
    Info: Total CPU time (on all processors): 00:00:02


